Flutter crash report.
Please report a bug at https://github.com/flutter/flutter/issues.

## command

flutter run --device-id=all

## exception

StateError: Bad state: No element

```
#0      Stream.first.<anonymous closure> (dart:async/stream.dart:1654:11)
#1      _rootRun (dart:async/zone.dart:1517:47)
#2      _CustomZone.run (dart:async/zone.dart:1422:19)
#3      _CustomZone.runGuarded (dart:async/zone.dart:1321:7)
#4      _BufferingStreamSubscription._sendDone.sendDone (dart:async/stream_impl.dart:434:13)
#5      _BufferingStreamSubscription._sendDone (dart:async/stream_impl.dart:444:7)
#6      _BufferingStreamSubscription._close (dart:async/stream_impl.dart:333:7)
#7      _SyncBroadcastStreamController._sendDone.<anonymous closure> (dart:async/broadcast_stream_controller.dart:411:22)
#8      _BroadcastStreamController._forEachListener (dart:async/broadcast_stream_controller.dart:333:15)
#9      _SyncBroadcastStreamController._sendDone (dart:async/broadcast_stream_controller.dart:410:7)
#10     _BroadcastStreamController.close (dart:async/broadcast_stream_controller.dart:274:5)
#11     _AsBroadcastStreamController.close (dart:async/broadcast_stream_controller.dart:522:24)
#12     _rootRun (dart:async/zone.dart:1517:47)
#13     _CustomZone.run (dart:async/zone.dart:1422:19)
#14     _CustomZone.runGuarded (dart:async/zone.dart:1321:7)
#15     _BufferingStreamSubscription._sendDone.sendDone (dart:async/stream_impl.dart:434:13)
#16     _BufferingStreamSubscription._sendDone (dart:async/stream_impl.dart:444:7)
#17     _BufferingStreamSubscription._close (dart:async/stream_impl.dart:333:7)
#18     _SinkTransformerStreamSubscription._close (dart:async/stream_transformers.dart:91:11)
#19     _EventSinkWrapper.close (dart:async/stream_transformers.dart:21:11)
#20     _StringAdapterSink.close (dart:convert/string_conversion.dart:241:11)
#21     _Utf8ConversionSink.close (dart:convert/string_conversion.dart:301:20)
#22     _ErrorHandlingAsciiDecoderSink.close (dart:convert/ascii.dart:268:15)
#23     _ConverterStreamEventSink.close (dart:convert/chunked_conversion.dart:79:18)
#24     _SinkTransformerStreamSubscription._handleDone (dart:async/stream_transformers.dart:136:24)
#25     _rootRun (dart:async/zone.dart:1517:47)
#26     _CustomZone.run (dart:async/zone.dart:1422:19)
#27     _CustomZone.runGuarded (dart:async/zone.dart:1321:7)
#28     _BufferingStreamSubscription._sendDone.sendDone (dart:async/stream_impl.dart:434:13)
#29     _BufferingStreamSubscription._sendDone (dart:async/stream_impl.dart:444:7)
#30     _BufferingStreamSubscription._close (dart:async/stream_impl.dart:333:7)
#31     _SyncStreamControllerDispatch._sendDone (dart:async/stream_controller.dart:806:19)
#32     _StreamController._closeUnchecked (dart:async/stream_controller.dart:652:7)
#33     _StreamController.close (dart:async/stream_controller.dart:645:5)
#34     _Socket._onData (dart:io-patch/socket_patch.dart:2911:21)
#35     _rootRunUnary (dart:async/zone.dart:1546:13)
#36     _CustomZone.runUnary (dart:async/zone.dart:1429:19)
#37     _CustomZone.runUnaryGuarded (dart:async/zone.dart:1329:7)
#38     _BufferingStreamSubscription._sendData (dart:async/stream_impl.dart:381:11)
#39     _BufferingStreamSubscription._add (dart:async/stream_impl.dart:312:7)
#40     _SyncStreamControllerDispatch._sendData (dart:async/stream_controller.dart:798:19)
#41     _StreamController._add (dart:async/stream_controller.dart:663:7)
#42     _StreamController.add (dart:async/stream_controller.dart:618:5)
#43     new _RawSocket.<anonymous closure> (dart:io-patch/socket_patch.dart:2330:33)
#44     _NativeSocket.issueReadEvent.issue (dart:io-patch/socket_patch.dart:1639:18)
#45     _microtaskLoop (dart:async/schedule_microtask.dart:40:21)
#46     _startMicrotaskLoop (dart:async/schedule_microtask.dart:49:5)
#47     _runPendingImmediateCallback (dart:isolate-patch/isolate_patch.dart:128:13)
#48     _RawReceivePort._handleMessage (dart:isolate-patch/isolate_patch.dart:195:5)
```

## flutter doctor

```
[32m[✓][39m Flutter (Channel stable, 3.29.0, on macOS 15.2 24C101 darwin-arm64, locale zh-Hans-CN) [1,616ms]
    [32m•[39m Flutter version 3.29.0 on channel stable at /Users/hemming/Flutter/flutter
    [32m•[39m Upstream repository https://github.com/flutter/flutter.git
    [32m•[39m Framework revision 35c388afb5 (4 months ago), 2025-02-10 12:48:41 -0800
    [32m•[39m Engine revision f73bfc4522
    [32m•[39m Dart version 3.7.0
    [32m•[39m DevTools version 2.42.2
    [32m•[39m Pub download mirror https://pub.flutter-io.cn
    [32m•[39m Flutter download mirror https://storage.flutter-io.cn

[33m[!][39m Android toolchain - develop for Android devices (Android SDK version 35.0.0) [162ms]
    [32m•[39m Android SDK at /Users/hemming/Library/Android/sdk
    [31m✗[39m cmdline-tools component is missing
      Run `path/to/sdkmanager --install "cmdline-tools;latest"`
      See https://developer.android.com/studio/command-line for more details.
    [31m✗[39m Android license status unknown.
      Run `flutter doctor --android-licenses` to accept the SDK licenses.
      See https://flutter.dev/to/macos-android-setup for more details.

[32m[✓][39m Xcode - develop for iOS and macOS (Xcode 16.2) [695ms]
    [32m•[39m Xcode at /Applications/Xcode.app/Contents/Developer
    [32m•[39m Build 16C5032a
    [32m•[39m CocoaPods version 1.16.2

[32m[✓][39m Chrome - develop for the web [3ms]
    [32m•[39m Chrome at /Applications/Google Chrome.app/Contents/MacOS/Google Chrome

[32m[✓][39m Android Studio (version 2024.1) [3ms]
    [32m•[39m Android Studio at /Applications/Android Studio.app/Contents
    [32m•[39m Flutter plugin can be installed from:
      🔨 https://plugins.jetbrains.com/plugin/9212-flutter
    [32m•[39m Dart plugin can be installed from:
      🔨 https://plugins.jetbrains.com/plugin/6351-dart
    [32m•[39m Java version OpenJDK Runtime Environment (build 17.0.10+0-17.0.10b1087.21-11609105)

[32m[✓][39m VS Code (version 1.98.2) [1ms]
    [32m•[39m VS Code at /Applications/Visual Studio Code.app/Contents
    [32m•[39m Flutter extension can be installed from:
      🔨 https://marketplace.visualstudio.com/items?itemName=Dart-Code.flutter

[32m[✓][39m Connected device (5 available) [10.5s]
    [32m•[39m SY-SZ-CSJ-003 (wireless) (mobile) • 00008110-000230282282401E            • ios            • iOS 18.2
      22C152
    [32m•[39m iPhone 16 Pro (mobile)            • 54481DC1-65A0-4AD0-8E72-04AAB46F5441 • ios            •
      com.apple.CoreSimulator.SimRuntime.iOS-18-2 (simulator)
    [32m•[39m macOS (desktop)                   • macos                                • darwin-arm64   • macOS 15.2
      24C101 darwin-arm64
    [32m•[39m Mac Designed for iPad (desktop)   • mac-designed-for-ipad                • darwin         • macOS 15.2
      24C101 darwin-arm64
    [32m•[39m Chrome (web)                      • chrome                               • web-javascript • Google
      Chrome 137.0.7151.104

[32m[✓][39m Network resources [829ms]
    [32m•[39m All expected network resources are available.

[33m![39m Doctor found issues in 1 category.
```
